[2024-08-04T11:43:05.660617+02:00] Flutterwave/PHP.NOTICE: VirtualAccount Service::Creating new Virtual Account. [] []
[2024-08-04T11:43:05.666558+02:00] Flutterwave/PHP.ERROR: VirtualAccount Service::The required parameter email or bvn is not present in payload [] []
[2024-08-04T11:43:34.198974+02:00] Flutterwave/PHP.NOTICE: VirtualAccount Service::Creating new Virtual Account. [] []
[2024-08-04T11:43:34.204059+02:00] Flutterwave/PHP.NOTICE: VirtualAccount Service::Payload Confirmed. [] []
[2024-08-04T11:43:54.855141+02:00] Flutterwave/PHP.NOTICE: VirtualAccount Service::Creating new Virtual Account. [] []
[2024-08-04T11:43:54.859365+02:00] Flutterwave/PHP.NOTICE: VirtualAccount Service::Payload Confirmed. [] []
[2024-08-04T11:45:08.372183+02:00] Flutterwave/PHP.NOTICE: VirtualAccount Service::Creating new Virtual Account. [] []
[2024-08-04T11:45:08.375969+02:00] Flutterwave/PHP.NOTICE: VirtualAccount Service::Payload Confirmed. [] []
[2024-08-04T11:46:31.063535+02:00] Flutterwave/PHP.NOTICE: VirtualAccount Service::Creating new Virtual Account. [] []
[2024-08-04T11:46:31.070610+02:00] Flutterwave/PHP.NOTICE: VirtualAccount Service::Payload Confirmed. [] []
[2024-08-04T11:47:00.942795+02:00] Flutterwave/PHP.NOTICE: VirtualAccount Service::Creating new Virtual Account. [] []
[2024-08-04T11:47:00.947544+02:00] Flutterwave/PHP.NOTICE: VirtualAccount Service::Payload Confirmed. [] []
[2024-08-04T11:47:30.117303+02:00] Flutterwave/PHP.NOTICE: VirtualAccount Service::Creating new Virtual Account. [] []
[2024-08-04T11:47:30.120289+02:00] Flutterwave/PHP.ERROR: VirtualAccount Service::The required parameter email or bvn is not present in payload [] []
[2024-08-04T11:47:59.656081+02:00] Flutterwave/PHP.NOTICE: VirtualAccount Service::Creating new Virtual Account. [] []
[2024-08-04T11:47:59.659897+02:00] Flutterwave/PHP.NOTICE: VirtualAccount Service::Payload Confirmed. [] []
[2024-08-04T11:49:26.921264+02:00] Flutterwave/PHP.NOTICE: VirtualAccount Service::Creating new Virtual Account. [] []
[2024-08-04T11:49:26.926524+02:00] Flutterwave/PHP.NOTICE: VirtualAccount Service::Payload Confirmed. [] []
[2024-08-04T11:52:12.145407+02:00] Flutterwave/PHP.NOTICE: VirtualAccount Service::Creating new Virtual Account. [] []
[2024-08-04T11:52:12.152422+02:00] Flutterwave/PHP.NOTICE: VirtualAccount Service::Payload Confirmed. [] []
[2024-08-04T12:07:42.219096+02:00] Flutterwave/PHP.NOTICE: VirtualAccount Service::Creating new Virtual Account. [] []
[2024-08-04T12:07:42.226940+02:00] Flutterwave/PHP.NOTICE: VirtualAccount Service::Payload Confirmed. [] []
[2024-08-04T12:10:04.770539+02:00] Flutterwave/PHP.NOTICE: VirtualAccount Service::Retrieving Virtual Account [REF-64e90df826719]. [] []
[2024-08-04T12:11:03.012867+02:00] Flutterwave/PHP.NOTICE: VirtualAccount Service::Retrieving Virtual Account [URF_1722766063663_456535]. [] []
[2024-08-04T12:16:13.063714+02:00] Flutterwave/PHP.NOTICE: VirtualAccount Service::Updating Virtual Account. [URF_1722766063663_456535] [] []
[2024-08-04T12:19:02.924539+02:00] Flutterwave/PHP.NOTICE: VirtualAccount Service::Creating new Virtual Account. [] []
[2024-08-04T12:19:02.930039+02:00] Flutterwave/PHP.NOTICE: VirtualAccount Service::Payload Confirmed. [] []
[2024-08-04T13:27:21.339680+02:00] Flutterwave/PHP.NOTICE: VirtualAccount Service::Creating new Virtual Account. [] []
[2024-08-04T13:27:21.358731+02:00] Flutterwave/PHP.NOTICE: VirtualAccount Service::Payload Confirmed. [] []
[2024-08-04T13:28:21.638211+02:00] Flutterwave/PHP.NOTICE: VirtualAccount Service::Creating new Virtual Account. [] []
[2024-08-04T13:28:21.641831+02:00] Flutterwave/PHP.NOTICE: VirtualAccount Service::Payload Confirmed. [] []
[2024-08-04T13:36:24.708175+02:00] Flutterwave/PHP.NOTICE: VirtualAccount Service::Updating Virtual Account. [URF_1722766743867_4265735] [] []
[2024-08-04T13:36:45.783833+02:00] Flutterwave/PHP.NOTICE: VirtualAccount Service::Updating Virtual Account. [URF_1722770903005_6683735] [] []
[2024-08-04T13:36:59.942243+02:00] Flutterwave/PHP.NOTICE: VirtualAccount Service::Creating new Virtual Account. [] []
[2024-08-04T13:36:59.946864+02:00] Flutterwave/PHP.NOTICE: VirtualAccount Service::Payload Confirmed. [] []
[2024-08-04T14:48:37.138892+02:00] Flutterwave/PHP.NOTICE: VirtualAccount Service::Creating new Virtual Account. [] []
[2024-08-04T14:48:37.145372+02:00] Flutterwave/PHP.NOTICE: VirtualAccount Service::Payload Confirmed. [] []
[2024-08-04T14:50:10.478641+02:00] Flutterwave/PHP.NOTICE: VirtualAccount Service::Updating Virtual Account. [URF_1722775722624_7865935] [] []
[2024-08-04T14:50:57.815364+02:00] Flutterwave/PHP.NOTICE: VirtualAccount Service::Creating new Virtual Account. [] []
[2024-08-04T14:50:57.822861+02:00] Flutterwave/PHP.NOTICE: VirtualAccount Service::Payload Confirmed. [] []
[2024-08-04T14:51:16.113823+02:00] Flutterwave/PHP.NOTICE: VirtualAccount Service::Updating Virtual Account. [URF_1722775722624_7865935] [] []
[2024-08-04T14:52:36.755932+02:00] Flutterwave/PHP.NOTICE: VirtualAccount Service::Creating new Virtual Account. [] []
[2024-08-04T14:52:36.761803+02:00] Flutterwave/PHP.NOTICE: VirtualAccount Service::Payload Confirmed. [] []
[2024-08-04T14:53:56.193671+02:00] Flutterwave/PHP.NOTICE: VirtualAccount Service::Creating new Virtual Account. [] []
[2024-08-04T14:53:56.201501+02:00] Flutterwave/PHP.NOTICE: VirtualAccount Service::Payload Confirmed. [] []
[2024-08-04T14:56:40.681532+02:00] Flutterwave/PHP.NOTICE: VirtualAccount Service::Updating Virtual Account. [URF_1722776038903_6874735] [] []
[2024-08-04T14:56:51.727612+02:00] Flutterwave/PHP.NOTICE: VirtualAccount Service::Creating new Virtual Account. [] []
[2024-08-04T14:56:51.734281+02:00] Flutterwave/PHP.NOTICE: VirtualAccount Service::Payload Confirmed. [] []
[2024-08-04T15:00:04.300190+02:00] Flutterwave/PHP.NOTICE: VirtualAccount Service::Creating new Virtual Account. [] []
[2024-08-04T15:00:04.305214+02:00] Flutterwave/PHP.NOTICE: VirtualAccount Service::Payload Confirmed. [] []
